<?xml version="1.0" encoding="UTF-8"?>
<Site BuildName="(empty)"
	BuildStamp="20230923-2310-Experimental"
	Name="(empty)"
	Generator="ctest-3.26.4-msvc4"
	CompilerName=""
	CompilerVersion=""
	OSName="Windows"
	Hostname="Cedric"
	OSRelease=" Personal"
	OSVersion=" (Build 22621)"
	OSPlatform="x86"
	Is64Bits="1"
	VendorString="AuthenticAMD"
	VendorID="Advanced Micro Devices"
	FamilyID="15"
	ModelID="4"
	ProcessorCacheSize="64"
	NumberOfLogicalCPU="16"
	NumberOfPhysicalCPU="8"
	TotalVirtualMemory="16708"
	TotalPhysicalMemory="14020"
	LogicalProcessorsPerPhysical="2"
	ProcessorClockFrequency="3193"
	>
	<Testing>
		<StartDateTime>Sep 23 16:10 Pacific Daylight Time</StartDateTime>
		<StartTestTime>1695510618</StartTestTime>
		<TestList/>
		<EndDateTime>Sep 23 16:10 Pacific Daylight Time</EndDateTime>
		<EndTestTime>1695510618</EndTestTime>
		<ElapsedMinutes>0</ElapsedMinutes>
	</Testing>
</Site>
